<?xml version="1.0" encoding="UTF-8"?>
<!-- Generated by org.testng.reporters.JUnitReportReporter -->
<testsuite hostname="DESKTOP-I13K05V" failures="0" tests="3" name="QA.Testing.FlightSearch" time="72.271" errors="0" timestamp="2024-04-24T08:28:05 PDT" skipped="0">
  <testcase classname="QA.Testing.FlightSearch" name="FirstDesinationWithOnePassAndEcoClass" time="22.838"/>
  <testcase classname="QA.Testing.FlightSearch" name="SecondDesinationWithTwoPassAndPreEcoClass" time="24.703"/>
  <testcase classname="QA.Testing.FlightSearch" name="ThirdDesinationWithTwoPassAndPreEcoClass" time="24.730"/>
</testsuite> <!-- QA.Testing.FlightSearch -->
