<?xml version="1.0" encoding="UTF-8"?>
<!-- Generated by org.testng.reporters.JUnitReportReporter -->
<testsuite hostname="DESKTOP-I13K05V" failures="0" tests="1" name="QA.Testing.SearchFlightForBombayToDubai" time="31.033" errors="0" timestamp="2024-04-25T05:50:17 PDT" skipped="0">
  <testcase classname="QA.Testing.SearchFlightForBombayToDubai" name="FirstDesinationWithOnePassAndEcoClass" time="31.033"/>
</testsuite> <!-- QA.Testing.SearchFlightForBombayToDubai -->
